107.10.20 09:50 B D:\Life\Buddha\Web_Pages\newrain\2007_0926_Rain_suspended\support\Dhamma-Rain\Suspended-Files\pali-tipitaka-f1\1-Dighanikaya\c-Digha.doc --> www.dhammarain.org.tw /canon/pali-tipitaka-f1/1-Dighanikaya/ c-Digha.doc
107.10.20 09:51 B D:\Life\Buddha\Web_Pages\newrain\2007_0926_Rain_suspended\support\Dhamma-Rain\Suspended-Files\pali-tipitaka-f1\1-Dighanikaya\D-1--Silakkhandhavagga-tika.doc --> www.dhammarain.org.tw /canon/pali-tipitaka-f1/1-Dighanikaya/ D-1--Silakkhandhavagga-tika.doc
107.10.20 09:52 B D:\Life\Buddha\Web_Pages\newrain\2007_0926_Rain_suspended\support\Dhamma-Rain\Suspended-Files\pali-tipitaka-f1\1-Dighanikaya\D-1-Silakkhandhavagga.doc --> www.dhammarain.org.tw /canon/pali-tipitaka-f1/1-Dighanikaya/ D-1-Silakkhandhavagga.doc
107.10.20 09:53 B D:\Life\Buddha\Web_Pages\newrain\2007_0926_Rain_suspended\support\Dhamma-Rain\Suspended-Files\pali-tipitaka-f1\1-Dighanikaya\D-1-Silakkhandhavaggatthakatha.doc --> www.dhammarain.org.tw /canon/pali-tipitaka-f1/1-Dighanikaya/ D-1-Silakkhandhavaggatthakatha.doc
107.10.20 09:54 B D:\Life\Buddha\Web_Pages\newrain\2007_0926_Rain_suspended\support\Dhamma-Rain\Suspended-Files\pali-tipitaka-f1\1-Dighanikaya\D-2--Mahavagga-tika.doc --> www.dhammarain.org.tw /canon/pali-tipitaka-f1/1-Dighanikaya/ D-2--Mahavagga-tika.doc
107.10.20 09:55 B D:\Life\Buddha\Web_Pages\newrain\2007_0926_Rain_suspended\support\Dhamma-Rain\Suspended-Files\pali-tipitaka-f1\1-Dighanikaya\D-2-Mahavagga.doc --> www.dhammarain.org.tw /canon/pali-tipitaka-f1/1-Dighanikaya/ D-2-Mahavagga.doc
107.10.20 09:57 B D:\Life\Buddha\Web_Pages\newrain\2007_0926_Rain_suspended\support\Dhamma-Rain\Suspended-Files\pali-tipitaka-f1\1-Dighanikaya\D-2-Mahavaggatthakatha.doc --> www.dhammarain.org.tw /canon/pali-tipitaka-f1/1-Dighanikaya/ D-2-Mahavaggatthakatha.doc
107.10.20 09:58 B D:\Life\Buddha\Web_Pages\newrain\2007_0926_Rain_suspended\support\Dhamma-Rain\Suspended-Files\pali-tipitaka-f1\1-Dighanikaya\D-3--Pathikavagga-tika.doc --> www.dhammarain.org.tw /canon/pali-tipitaka-f1/1-Dighanikaya/ D-3--Pathikavagga-tika.doc
107.10.20 09:59 B D:\Life\Buddha\Web_Pages\newrain\2007_0926_Rain_suspended\support\Dhamma-Rain\Suspended-Files\pali-tipitaka-f1\1-Dighanikaya\D-3-Pathikavagga.doc --> www.dhammarain.org.tw /canon/pali-tipitaka-f1/1-Dighanikaya/ D-3-Pathikavagga.doc
107.10.20 10:00 B D:\Life\Buddha\Web_Pages\newrain\2007_0926_Rain_suspended\support\Dhamma-Rain\Suspended-Files\pali-tipitaka-f1\1-Dighanikaya\D-3-Pathikavaggatthakatha.doc --> www.dhammarain.org.tw /canon/pali-tipitaka-f1/1-Dighanikaya/ D-3-Pathikavaggatthakatha.doc
107.10.20 10:01 B D:\Life\Buddha\Web_Pages\newrain\2007_0926_Rain_suspended\support\Dhamma-Rain\Suspended-Files\pali-tipitaka-f1\1-Dighanikaya\D-Silakkhandhavagga-abhinavatika-1.doc --> www.dhammarain.org.tw /canon/pali-tipitaka-f1/1-Dighanikaya/ D-Silakkhandhavagga-abhinavatika-1.doc
107.10.20 10:03 B D:\Life\Buddha\Web_Pages\newrain\2007_0926_Rain_suspended\support\Dhamma-Rain\Suspended-Files\pali-tipitaka-f1\1-Dighanikaya\D-Silakkhandhavagga-abhinavatika-2.doc --> www.dhammarain.org.tw /canon/pali-tipitaka-f1/1-Dighanikaya/ D-Silakkhandhavagga-abhinavatika-2.doc
107.10.20 10:06 B D:\Life\Buddha\Web_Pages\newrain\2007_0926_Rain_suspended\support\Dhamma-Rain\Suspended-Files\pali-tipitaka-f1\1-Dighanikaya\D-Silakkhandhavagga-abhinavatika1-2.doc --> www.dhammarain.org.tw /canon/pali-tipitaka-f1/1-Dighanikaya/ D-Silakkhandhavagga-abhinavatika1-2.doc
107.10.20 10:06 B D:\Life\Buddha\Web_Pages\newrain\2007_0926_Rain_suspended\support\Dhamma-Rain\Suspended-Files\pali-tipitaka-f1\1-Dighanikaya\D-t-Table.doc --> www.dhammarain.org.tw /canon/pali-tipitaka-f1/1-Dighanikaya/ D-t-Table.doc
107.10.20 10:06 B D:\Life\Buddha\Web_Pages\newrain\2007_0926_Rain_suspended\support\Dhamma-Rain\Suspended-Files\pali-tipitaka-f1\1-Dighanikaya\D-vs-D.doc --> www.dhammarain.org.tw /canon/pali-tipitaka-f1/1-Dighanikaya/ D-vs-D.doc
107.10.20 10:06 B D:\Life\Buddha\Web_Pages\newrain\2007_0926_Rain_suspended\support\Dhamma-Rain\Suspended-Files\pali-tipitaka-f1\1-Dighanikaya\DA-Table.doc --> www.dhammarain.org.tw /canon/pali-tipitaka-f1/1-Dighanikaya/ DA-Table.doc
107.10.20 10:10 B D:\Life\Buddha\Web_Pages\newrain\2007_0926_Rain_suspended\support\Dhamma-Rain\Suspended-Files\pali-tipitaka-f1\1-Dighanikaya\Digha-atthakatha.doc --> www.dhammarain.org.tw /canon/pali-tipitaka-f1/1-Dighanikaya/ Digha-atthakatha.doc
107.10.20 10:13 B D:\Life\Buddha\Web_Pages\newrain\2007_0926_Rain_suspended\support\Dhamma-Rain\Suspended-Files\pali-tipitaka-f1\1-Dighanikaya\Digha-PTS.doc --> www.dhammarain.org.tw /canon/pali-tipitaka-f1/1-Dighanikaya/ Digha-PTS.doc
107.10.20 10:28 B D:\Life\Buddha\Web_Pages\newrain\2007_0926_Rain_suspended\support\Dhamma-Rain\Suspended-Files\pali-tipitaka-f1\1-Dighanikaya\Digha-tika.doc --> www.dhammarain.org.tw /canon/pali-tipitaka-f1/1-Dighanikaya/ Digha-tika.doc
107.10.20 10:29 B D:\Life\Buddha\Web_Pages\newrain\2007_0926_Rain_suspended\support\Dhamma-Rain\Suspended-Files\pali-tipitaka-f1\1-Dighanikaya\Dighanikaya.doc --> www.dhammarain.org.tw /canon/pali-tipitaka-f1/1-Dighanikaya/ Dighanikaya.doc
107.10.20 10:29 B D:\Life\Buddha\Web_Pages\newrain\2007_0926_Rain_suspended\support\Dhamma-Rain\Suspended-Files\pali-tipitaka-f1\1-Dighanikaya\Dighanikayo-cat.doc --> www.dhammarain.org.tw /canon/pali-tipitaka-f1/1-Dighanikaya/ Dighanikayo-cat.doc
107.10.20 10:30 B D:\Life\Buddha\Web_Pages\newrain\2007_0926_Rain_suspended\support\Dhamma-Rain\Suspended-Files\pali-tipitaka-f1\1-Dighanikaya\±¶®| -  Dighanikaye-pu-vi.doc.lnk --> www.dhammarain.org.tw /canon/pali-tipitaka-f1/1-Dighanikaya/ ±¶®| -  Dighanikaye-pu-vi.doc.lnk
